# JRE version: Java(TM) SE Runtime Environment (8.0_191-b12) (build 1.8.0_191-b12)
# Java VM: Java HotSpot(TM) 64-Bit Server VM (25.191-b12 mixed mode windows-amd64 compressed oops)
Heap:
 PSYoungGen      total 217600K, used 53743K [0x00000000d6500000, 0x00000000e4780000, 0x0000000100000000)
  eden space 207360K, 21% used [0x00000000d6500000,0x00000000d9002cf0,0x00000000e2f80000)
  from space 10240K, 94% used [0x00000000e3d80000,0x00000000e46f9130,0x00000000e4780000)
  to   space 12288K, 0% used [0x00000000e2f80000,0x00000000e2f80000,0x00000000e3b80000)
 ParOldGen       total 83968K, used 13537K [0x0000000082e00000, 0x0000000088000000, 0x00000000d6500000)
  object space 83968K, 16% used [0x0000000082e00000,0x0000000083b386a8,0x0000000088000000)
 Metaspace       used 46212K, capacity 48054K, committed 48384K, reserved 1091584K
  class space    used 5988K, capacity 6343K, committed 6400K, reserved 1048576K
GC Heap History (10 events):
Event: 3.314 GC heap before
{Heap before GC invocations=8 (full 1):
 PSYoungGen      total 112640K, used 112252K [0x00000000d6500000, 0x00000000df400000, 0x0000000100000000)
  eden space 105472K, 100% used [0x00000000d6500000,0x00000000dcc00000,0x00000000dcc00000)
  from space 7168K, 94% used [0x00000000ded00000,0x00000000df39f1e0,0x00000000df400000)
  to   space 8192K, 0% used [0x00000000de400000,0x00000000de400000,0x00000000dec00000)
 ParOldGen       total 54272K, used 6612K [0x0000000082e00000, 0x0000000086300000, 0x00000000d6500000)
  object space 54272K, 12% used [0x0000000082e00000,0x00000000834752c8,0x0000000086300000)
 Metaspace       used 32243K, capacity 33194K, committed 33280K, reserved 1079296K
  class space    used 4120K, capacity 4343K, committed 4352K, reserved 1048576K
Event: 3.322 GC heap after
Heap after GC invocations=8 (full 1):
 PSYoungGen      total 138240K, used 8167K [0x00000000d6500000, 0x00000000e1b00000, 0x0000000100000000)
  eden space 130048K, 0% used [0x00000000d6500000,0x00000000d6500000,0x00000000de400000)
  from space 8192K, 99% used [0x00000000de400000,0x00000000debf9f60,0x00000000dec00000)
  to   space 11264K, 0% used [0x00000000e1000000,0x00000000e1000000,0x00000000e1b00000)
 ParOldGen       total 54272K, used 10200K [0x0000000082e00000, 0x0000000086300000, 0x00000000d6500000)
  object space 54272K, 18% used [0x0000000082e00000,0x00000000837f6088,0x0000000086300000)
 Metaspace       used 32243K, capacity 33194K, committed 33280K, reserved 1079296K
  class space    used 4120K, capacity 4343K, committed 4352K, reserved 1048576K
}
Event: 3.626 GC heap before
{Heap before GC invocations=9 (full 1):
 PSYoungGen      total 138240K, used 60628K [0x00000000d6500000, 0x00000000e1b00000, 0x0000000100000000)
  eden space 130048K, 40% used [0x00000000d6500000,0x00000000d983b0b0,0x00000000de400000)
  from space 8192K, 99% used [0x00000000de400000,0x00000000debf9f60,0x00000000dec00000)
  to   space 11264K, 0% used [0x00000000e1000000,0x00000000e1000000,0x00000000e1b00000)
 ParOldGen       total 54272K, used 10200K [0x0000000082e00000, 0x0000000086300000, 0x00000000d6500000)
  object space 54272K, 18% used [0x0000000082e00000,0x00000000837f6088,0x0000000086300000)
 Metaspace       used 34217K, capacity 35366K, committed 35416K, reserved 1081344K
  class space    used 4367K, capacity 4587K, committed 4608K, reserved 1048576K
Event: 3.632 GC heap after
Heap after GC invocations=9 (full 1):
 PSYoungGen      total 174592K, used 9202K [0x00000000d6500000, 0x00000000e4000000, 0x0000000100000000)
  eden space 163328K, 0% used [0x00000000d6500000,0x00000000d6500000,0x00000000e0480000)
  from space 11264K, 81% used [0x00000000e1000000,0x00000000e18fc978,0x00000000e1b00000)
  to   space 11776K, 0% used [0x00000000e0480000,0x00000000e0480000,0x00000000e1000000)
 ParOldGen       total 54272K, used 10208K [0x0000000082e00000, 0x0000000086300000, 0x00000000d6500000)
  object space 54272K, 18% used [0x0000000082e00000,0x00000000837f8088,0x0000000086300000)
 Metaspace       used 34217K, capacity 35366K, committed 35416K, reserved 1081344K
  class space    used 4367K, capacity 4587K, committed 4608K, reserved 1048576K
}
Event: 3.632 GC heap before
{Heap before GC invocations=10 (full 2):
 PSYoungGen      total 174592K, used 9202K [0x00000000d6500000, 0x00000000e4000000, 0x0000000100000000)
  eden space 163328K, 0% used [0x00000000d6500000,0x00000000d6500000,0x00000000e0480000)
  from space 11264K, 81% used [0x00000000e1000000,0x00000000e18fc978,0x00000000e1b00000)
  to   space 11776K, 0% used [0x00000000e0480000,0x00000000e0480000,0x00000000e1000000)
 ParOldGen       total 54272K, used 10208K [0x0000000082e00000, 0x0000000086300000, 0x00000000d6500000)
  object space 54272K, 18% used [0x0000000082e00000,0x00000000837f8088,0x0000000086300000)
 Metaspace       used 34217K, capacity 35366K, committed 35416K, reserved 1081344K
  class space    used 4367K, capacity 4587K, committed 4608K, reserved 1048576K
Event: 3.676 GC heap after
Heap after GC invocations=10 (full 2):
 PSYoungGen      total 174592K, used 0K [0x00000000d6500000, 0x00000000e4000000, 0x0000000100000000)
  eden space 163328K, 0% used [0x00000000d6500000,0x00000000d6500000,0x00000000e0480000)
  from space 11264K, 0% used [0x00000000e1000000,0x00000000e1000000,0x00000000e1b00000)
  to   space 11776K, 0% used [0x00000000e0480000,0x00000000e0480000,0x00000000e1000000)
 ParOldGen       total 83968K, used 13521K [0x0000000082e00000, 0x0000000088000000, 0x00000000d6500000)
  object space 83968K, 16% used [0x0000000082e00000,0x0000000083b346a8,0x0000000088000000)
 Metaspace       used 34217K, capacity 35366K, committed 35416K, reserved 1081344K
  class space    used 4367K, capacity 4587K, committed 4608K, reserved 1048576K
}
Event: 5.086 GC heap before
{Heap before GC invocations=11 (full 2):
 PSYoungGen      total 174592K, used 163328K [0x00000000d6500000, 0x00000000e4000000, 0x0000000100000000)
  eden space 163328K, 100% used [0x00000000d6500000,0x00000000e0480000,0x00000000e0480000)
  from space 11264K, 0% used [0x00000000e1000000,0x00000000e1000000,0x00000000e1b00000)
  to   space 11776K, 0% used [0x00000000e0480000,0x00000000e0480000,0x00000000e1000000)
 ParOldGen       total 83968K, used 13521K [0x0000000082e00000, 0x0000000088000000, 0x00000000d6500000)
  object space 83968K, 16% used [0x0000000082e00000,0x0000000083b346a8,0x0000000088000000)
 Metaspace       used 39486K, capacity 41036K, committed 41344K, reserved 1085440K
  class space    used 5092K, capacity 5390K, committed 5504K, reserved 1048576K
Event: 5.095 GC heap after
Heap after GC invocations=11 (full 2):
 PSYoungGen      total 175104K, used 8278K [0x00000000d6500000, 0x00000000e4900000, 0x0000000100000000)
  eden space 163328K, 0% used [0x00000000d6500000,0x00000000d6500000,0x00000000e0480000)
  from space 11776K, 70% used [0x00000000e0480000,0x00000000e0c959c0,0x00000000e1000000)
  to   space 11776K, 0% used [0x00000000e3d80000,0x00000000e3d80000,0x00000000e4900000)
 ParOldGen       total 83968K, used 13529K [0x0000000082e00000, 0x0000000088000000, 0x00000000d6500000)
  object space 83968K, 16% used [0x0000000082e00000,0x0000000083b366a8,0x0000000088000000)
 Metaspace       used 39486K, capacity 41036K, committed 41344K, reserved 1085440K
  class space    used 5092K, capacity 5390K, committed 5504K, reserved 1048576K
}
Event: 5.916 GC heap before
{Heap before GC invocations=12 (full 2):
 PSYoungGen      total 175104K, used 171606K [0x00000000d6500000, 0x00000000e4900000, 0x0000000100000000)
  eden space 163328K, 100% used [0x00000000d6500000,0x00000000e0480000,0x00000000e0480000)
  from space 11776K, 70% used [0x00000000e0480000,0x00000000e0c959c0,0x00000000e1000000)
  to   space 11776K, 0% used [0x00000000e3d80000,0x00000000e3d80000,0x00000000e4900000)
 ParOldGen       total 83968K, used 13529K [0x0000000082e00000, 0x0000000088000000, 0x00000000d6500000)
  object space 83968K, 16% used [0x0000000082e00000,0x0000000083b366a8,0x0000000088000000)
 Metaspace       used 42201K, capacity 43978K, committed 44288K, reserved 1087488K
  class space    used 5478K, capacity 5807K, committed 5888K, reserved 1048576K
Event: 5.926 GC heap after
Heap after GC invocations=12 (full 2):
 PSYoungGen      total 217600K, used 9700K [0x00000000d6500000, 0x00000000e4780000, 0x0000000100000000)
  eden space 207360K, 0% used [0x00000000d6500000,0x00000000d6500000,0x00000000e2f80000)
  from space 10240K, 94% used [0x00000000e3d80000,0x00000000e46f9130,0x00000000e4780000)
  to   space 12288K, 0% used [0x00000000e2f80000,0x00000000e2f80000,0x00000000e3b80000)
 ParOldGen       total 83968K, used 13537K [0x0000000082e00000, 0x0000000088000000, 0x00000000d6500000)
  object space 83968K, 16% used [0x0000000082e00000,0x0000000083b386a8,0x0000000088000000)
 Metaspace       used 42201K, capacity 43978K, committed 44288K, reserved 1087488K
  class space    used 5478K, capacity 5807K, committed 5888K, reserved 1048576K
}

